#
# There is insufficient memory for the Java Runtime Environment to continue.
# Native memory allocation (mmap) failed to map 11206656 bytes for committing reserved memory.
# Possible reasons:
#   The system is out of physical RAM or swap space
#   In 32 bit mode, the process size limit was hit
# Possible solutions:
#   Reduce memory load on the system
#   Increase physical memory or swap space
#   Check if swap backing store is full
#   Use 64 bit Java on a 64 bit OS
#   Decrease Java heap size (-Xmx/-Xms)
#   Decrease number of Java threads
#   Decrease Java thread stack sizes (-Xss)
#   Set larger code cache with -XX:ReservedCodeCacheSize=
# This output file may be truncated or incomplete.
#
#  Out of Memory Error (os_linux.cpp:2673), pid=11143, tid=140150782846720
#
# JRE version:  (8.0_45-b14) (build )
# Java VM: Java HotSpot(TM) 64-Bit Server VM (25.45-b02 mixed mode linux-amd64 compressed oops)
# Failed to write core dump. Core dumps have been disabled. To enable core dumping, try "ulimit -c unlimited" before starting Java again
#

---------------  T H R E A D  ---------------

Current thread (0x00007f775c009800):  JavaThread "Unknown thread" [_thread_in_vm, id=11144, stack(0x00007f7765906000,0x00007f7765a07000)]

Stack: [0x00007f7765906000,0x00007f7765a07000],  sp=0x00007f7765a05300,  free space=1020k
Native frames: (J=compiled Java code, j=interpreted, Vv=VM code, C=native code)
V  [libjvm.so+0xaac99a]  VMError::report_and_die()+0x2ba
V  [libjvm.so+0x4f333b]  report_vm_out_of_memory(char const*, int, unsigned long, VMErrorType, char const*)+0x8b
V  [libjvm.so+0x90e7c3]  os::Linux::commit_memory_impl(char*, unsigned long, bool)+0x103
V  [libjvm.so+0x90ed19]  os::pd_commit_memory(char*, unsigned long, unsigned long, bool)+0x29
V  [libjvm.so+0x90867a]  os::commit_memory(char*, unsigned long, unsigned long, bool)+0x2a
V  [libjvm.so+0xaa8649]  VirtualSpace::expand_by(unsigned long, bool)+0x1c9
V  [libjvm.so+0xaa911e]  VirtualSpace::initialize(ReservedSpace, unsigned long)+0xee
V  [libjvm.so+0x5ed9f1]  CardGeneration::CardGeneration(ReservedSpace, unsigned long, int, GenRemSet*)+0xf1
V  [libjvm.so+0xa50bbf]  TenuredGeneration::TenuredGeneration(ReservedSpace, unsigned long, int, GenRemSet*)+0x5f
V  [libjvm.so+0x5eece9]  GenerationSpec::init(ReservedSpace, int, GenRemSet*)+0x339
V  [libjvm.so+0x5dd74e]  GenCollectedHeap::initialize()+0x1ee
V  [libjvm.so+0xa75aab]  Universe::initialize_heap()+0xfb
V  [libjvm.so+0xa75e1e]  universe_init()+0x3e
V  [libjvm.so+0x62f635]  init_globals()+0x65
V  [libjvm.so+0xa5a02e]  Threads::create_vm(JavaVMInitArgs*, bool*)+0x23e
V  [libjvm.so+0x6c3244]  JNI_CreateJavaVM+0x74
C  [libjli.so+0x745e]  JavaMain+0x9e
C  [libpthread.so.0+0x8182]  start_thread+0xc2


---------------  P R O C E S S  ---------------

Java Threads: ( => current thread )

Other Threads:

=>0x00007f775c009800 (exited) JavaThread "Unknown thread" [_thread_in_vm, id=11144, stack(0x00007f7765906000,0x00007f7765a07000)]

VM state:not at safepoint (not fully initialized)

VM Mutex/Monitor currently owned by a thread: None

GC Heap History (0 events):
No events

Deoptimization events (0 events):
No events

Internal exceptions (0 events):
No events

Events (0 events):
No events


Dynamic libraries:
00400000-00401000 r-xp 00000000 ca:01 152467                             /usr/lib/jvm/java-8-oracle/jre/bin/java
00600000-00601000 rw-p 00000000 ca:01 152467                             /usr/lib/jvm/java-8-oracle/jre/bin/java
00710000-00731000 rw-p 00000000 00:00 0                                  [heap]
f0600000-f0b50000 rw-p 00000000 00:00 0 
f0b50000-f5950000 ---p 00000000 00:00 0 
f6400000-100000000 ---p 00000000 00:00 0 
7f774d000000-7f774d270000 rwxp 00000000 00:00 0 
7f774d270000-7f775c000000 ---p 00000000 00:00 0 
7f775c000000-7f775c033000 rw-p 00000000 00:00 0 
7f775c033000-7f7760000000 ---p 00000000 00:00 0 
7f7762448000-7f77626d6000 rw-p 00000000 00:00 0 
7f77626d6000-7f7762a8c000 ---p 00000000 00:00 0 
7f7762a8c000-7f7762aa6000 r-xp 00000000 ca:01 275927                     /usr/lib/jvm/java-8-oracle/jre/lib/amd64/libzip.so
7f7762aa6000-7f7762ca6000 ---p 0001a000 ca:01 275927                     /usr/lib/jvm/java-8-oracle/jre/lib/amd64/libzip.so
7f7762ca6000-7f7762ca7000 rw-p 0001a000 ca:01 275927                     /usr/lib/jvm/java-8-oracle/jre/lib/amd64/libzip.so
7f7762ca7000-7f7762cb2000 r-xp 00000000 ca:01 396074                     /lib/x86_64-linux-gnu/libnss_files-2.19.so
7f7762cb2000-7f7762eb1000 ---p 0000b000 ca:01 396074                     /lib/x86_64-linux-gnu/libnss_files-2.19.so
7f7762eb1000-7f7762eb2000 r--p 0000a000 ca:01 396074                     /lib/x86_64-linux-gnu/libnss_files-2.19.so
7f7762eb2000-7f7762eb3000 rw-p 0000b000 ca:01 396074                     /lib/x86_64-linux-gnu/libnss_files-2.19.so
7f7762eb3000-7f7762ebe000 r-xp 00000000 ca:01 396076                     /lib/x86_64-linux-gnu/libnss_nis-2.19.so
7f7762ebe000-7f77630bd000 ---p 0000b000 ca:01 396076                     /lib/x86_64-linux-gnu/libnss_nis-2.19.so
7f77630bd000-7f77630be000 r--p 0000a000 ca:01 396076                     /lib/x86_64-linux-gnu/libnss_nis-2.19.so
7f77630be000-7f77630bf000 rw-p 0000b000 ca:01 396076                     /lib/x86_64-linux-gnu/libnss_nis-2.19.so
7f77630bf000-7f77630d6000 r-xp 00000000 ca:01 396071                     /lib/x86_64-linux-gnu/libnsl-2.19.so
7f77630d6000-7f77632d5000 ---p 00017000 ca:01 396071                     /lib/x86_64-linux-gnu/libnsl-2.19.so
7f77632d5000-7f77632d6000 r--p 00016000 ca:01 396071                     /lib/x86_64-linux-gnu/libnsl-2.19.so
7f77632d6000-7f77632d7000 rw-p 00017000 ca:01 396071                     /lib/x86_64-linux-gnu/libnsl-2.19.so
7f77632d7000-7f77632d9000 rw-p 00000000 00:00 0 
7f77632d9000-7f77632e2000 r-xp 00000000 ca:01 396072                     /lib/x86_64-linux-gnu/libnss_compat-2.19.so
7f77632e2000-7f77634e1000 ---p 00009000 ca:01 396072                     /lib/x86_64-linux-gnu/libnss_compat-2.19.so
7f77634e1000-7f77634e2000 r--p 00008000 ca:01 396072                     /lib/x86_64-linux-gnu/libnss_compat-2.19.so
7f77634e2000-7f77634e3000 rw-p 00009000 ca:01 396072                     /lib/x86_64-linux-gnu/libnss_compat-2.19.so
7f77634e3000-7f776350d000 r-xp 00000000 ca:01 275880                     /usr/lib/jvm/java-8-oracle/jre/lib/amd64/libjava.so
7f776350d000-7f776370d000 ---p 0002a000 ca:01 275880                     /usr/lib/jvm/java-8-oracle/jre/lib/amd64/libjava.so
7f776370d000-7f776370f000 rw-p 0002a000 ca:01 275880                     /usr/lib/jvm/java-8-oracle/jre/lib/amd64/libjava.so
7f776370f000-7f776371c000 r-xp 00000000 ca:01 275913                     /usr/lib/jvm/java-8-oracle/jre/lib/amd64/libverify.so
7f776371c000-7f776391c000 ---p 0000d000 ca:01 275913                     /usr/lib/jvm/java-8-oracle/jre/lib/amd64/libverify.so
7f776391c000-7f776391e000 rw-p 0000d000 ca:01 275913                     /usr/lib/jvm/java-8-oracle/jre/lib/amd64/libverify.so
7f776391e000-7f7763925000 r-xp 00000000 ca:01 396096                     /lib/x86_64-linux-gnu/librt-2.19.so
7f7763925000-7f7763b24000 ---p 00007000 ca:01 396096                     /lib/x86_64-linux-gnu/librt-2.19.so
7f7763b24000-7f7763b25000 r--p 00006000 ca:01 396096                     /lib/x86_64-linux-gnu/librt-2.19.so
7f7763b25000-7f7763b26000 rw-p 00007000 ca:01 396096                     /lib/x86_64-linux-gnu/librt-2.19.so
7f7763b26000-7f7763c2b000 r-xp 00000000 ca:01 396063                     /lib/x86_64-linux-gnu/libm-2.19.so
7f7763c2b000-7f7763e2a000 ---p 00105000 ca:01 396063                     /lib/x86_64-linux-gnu/libm-2.19.so
7f7763e2a000-7f7763e2b000 r--p 00104000 ca:01 396063                     /lib/x86_64-linux-gnu/libm-2.19.so
7f7763e2b000-7f7763e2c000 rw-p 00105000 ca:01 396063                     /lib/x86_64-linux-gnu/libm-2.19.so
7f7763e2c000-7f7764ada000 r-xp 00000000 ca:01 275916                     /usr/lib/jvm/java-8-oracle/jre/lib/amd64/server/libjvm.so
7f7764ada000-7f7764cd9000 ---p 00cae000 ca:01 275916                     /usr/lib/jvm/java-8-oracle/jre/lib/amd64/server/libjvm.so
7f7764cd9000-7f7764db0000 rw-p 00cad000 ca:01 275916                     /usr/lib/jvm/java-8-oracle/jre/lib/amd64/server/libjvm.so
7f7764db0000-7f7764df4000 rw-p 00000000 00:00 0 
7f7764df4000-7f7764faf000 r-xp 00000000 ca:01 396040                     /lib/x86_64-linux-gnu/libc-2.19.so
7f7764faf000-7f77651ae000 ---p 001bb000 ca:01 396040                     /lib/x86_64-linux-gnu/libc-2.19.so
7f77651ae000-7f77651b2000 r--p 001ba000 ca:01 396040                     /lib/x86_64-linux-gnu/libc-2.19.so
7f77651b2000-7f77651b4000 rw-p 001be000 ca:01 396040                     /lib/x86_64-linux-gnu/libc-2.19.so
7f77651b4000-7f77651b9000 rw-p 00000000 00:00 0 
7f77651b9000-7f77651bc000 r-xp 00000000 ca:01 396049                     /lib/x86_64-linux-gnu/libdl-2.19.so
7f77651bc000-7f77653bb000 ---p 00003000 ca:01 396049                     /lib/x86_64-linux-gnu/libdl-2.19.so
7f77653bb000-7f77653bc000 r--p 00002000 ca:01 396049                     /lib/x86_64-linux-gnu/libdl-2.19.so
7f77653bc000-7f77653bd000 rw-p 00003000 ca:01 396049                     /lib/x86_64-linux-gnu/libdl-2.19.so
7f77653bd000-7f77653d2000 r-xp 00000000 ca:01 275871                     /usr/lib/jvm/java-8-oracle/jre/lib/amd64/jli/libjli.so
7f77653d2000-7f77655d2000 ---p 00015000 ca:01 275871                     /usr/lib/jvm/java-8-oracle/jre/lib/amd64/jli/libjli.so
7f77655d2000-7f77655d3000 rw-p 00015000 ca:01 275871                     /usr/lib/jvm/java-8-oracle/jre/lib/amd64/jli/libjli.so
7f77655d3000-7f77655ec000 r-xp 00000000 ca:01 396093                     /lib/x86_64-linux-gnu/libpthread-2.19.so
7f77655ec000-7f77657eb000 ---p 00019000 ca:01 396093                     /lib/x86_64-linux-gnu/libpthread-2.19.so
7f77657eb000-7f77657ec000 r--p 00018000 ca:01 396093                     /lib/x86_64-linux-gnu/libpthread-2.19.so
7f77657ec000-7f77657ed000 rw-p 00019000 ca:01 396093                     /lib/x86_64-linux-gnu/libpthread-2.19.so
7f77657ed000-7f77657f1000 rw-p 00000000 00:00 0 
7f77657f1000-7f7765814000 r-xp 00000000 ca:01 396030                     /lib/x86_64-linux-gnu/ld-2.19.so
7f7765880000-7f7765883000 rw-p 00000000 00:00 0 
7f7765883000-7f77658fd000 ---p 00000000 00:00 0 
7f77658fd000-7f77658fe000 rw-p 00000000 00:00 0 
7f77658fe000-7f7765906000 rw-s 00000000 ca:01 162931                     /tmp/hsperfdata_ubuntu/11143
7f7765906000-7f7765909000 ---p 00000000 00:00 0 
7f7765909000-7f7765a0b000 rw-p 00000000 00:00 0                          [stack:11144]
7f7765a0c000-7f7765a10000 rw-p 00000000 00:00 0 
7f7765a10000-7f7765a11000 r--p 00000000 00:00 0 
7f7765a11000-7f7765a13000 rw-p 00000000 00:00 0 
7f7765a13000-7f7765a14000 r--p 00022000 ca:01 396030                     /lib/x86_64-linux-gnu/ld-2.19.so
7f7765a14000-7f7765a15000 rw-p 00023000 ca:01 396030                     /lib/x86_64-linux-gnu/ld-2.19.so
7f7765a15000-7f7765a16000 rw-p 00000000 00:00 0 
7fff632b2000-7fff632d3000 rw-p 00000000 00:00 0                          [stack]
7fff632e4000-7fff632e6000 r-xp 00000000 00:00 0                          [vdso]
ffffffffff600000-ffffffffff601000 r-xp 00000000 00:00 0                  [vsyscall]

VM Arguments:
jvm_args: -Dlog4j.configurationFile=log4j2.xml 
java_command: net.qyjohn.aws.DemoRedShift jdbc
java_class_path (initial): target/demo-1.0-SNAPSHOT.jar
Launcher Type: SUN_STANDARD

Environment Variables:
PATH=/usr/local/sbin:/usr/local/bin:/usr/sbin:/usr/bin:/sbin:/bin:/usr/games:/usr/local/games
SHELL=/bin/bash

Signal Handlers:
SIGSEGV: [libjvm.so+0xaad1e0], sa_mask[0]=11111111011111111101111111111110, sa_flags=SA_RESTART|SA_SIGINFO
SIGBUS: [libjvm.so+0xaad1e0], sa_mask[0]=11111111011111111101111111111110, sa_flags=SA_RESTART|SA_SIGINFO
SIGFPE: [libjvm.so+0x90b450], sa_mask[0]=11111111011111111101111111111110, sa_flags=SA_RESTART|SA_SIGINFO
SIGPIPE: [libjvm.so+0x90b450], sa_mask[0]=11111111011111111101111111111110, sa_flags=SA_RESTART|SA_SIGINFO
SIGXFSZ: [libjvm.so+0x90b450], sa_mask[0]=11111111011111111101111111111110, sa_flags=SA_RESTART|SA_SIGINFO
SIGILL: [libjvm.so+0x90b450], sa_mask[0]=11111111011111111101111111111110, sa_flags=SA_RESTART|SA_SIGINFO
SIGUSR1: SIG_DFL, sa_mask[0]=00000000000000000000000000000000, sa_flags=none
SIGUSR2: [libjvm.so+0x90ca90], sa_mask[0]=00000000000000000000000000000000, sa_flags=SA_RESTART|SA_SIGINFO
SIGHUP: SIG_DFL, sa_mask[0]=00000000000000000000000000000000, sa_flags=none
SIGINT: SIG_DFL, sa_mask[0]=00000000000000000000000000000000, sa_flags=none
SIGTERM: SIG_DFL, sa_mask[0]=00000000000000000000000000000000, sa_flags=none
SIGQUIT: SIG_DFL, sa_mask[0]=00000000000000000000000000000000, sa_flags=none


---------------  S Y S T E M  ---------------

OS:DISTRIB_ID=Ubuntu
DISTRIB_RELEASE=14.04
DISTRIB_CODENAME=trusty
DISTRIB_DESCRIPTION="Ubuntu 14.04.2 LTS"

uname:Linux 3.13.0-48-generic #80-Ubuntu SMP Thu Mar 12 11:16:15 UTC 2015 x86_64
libc:glibc 2.19 NPTL 2.19 
rlimit: STACK 8192k, CORE 0k, NPROC 7862, NOFILE 4096, AS infinity
load average:0.41 0.26 0.14

/proc/meminfo:
MemTotal:        1016292 kB
MemFree:           57948 kB
Buffers:             584 kB
Cached:            21156 kB
SwapCached:            0 kB
Active:           889292 kB
Inactive:          19328 kB
Active(anon):     887028 kB
Inactive(anon):     5692 kB
Active(file):       2264 kB
Inactive(file):    13636 kB
Unevictable:           0 kB
Mlocked:               0 kB
SwapTotal:             0 kB
SwapFree:              0 kB
Dirty:               240 kB
Writeback:             0 kB
AnonPages:        886940 kB
Mapped:            12040 kB
Shmem:              5780 kB
Slab:              24836 kB
SReclaimable:      11648 kB
SUnreclaim:        13188 kB
KernelStack:        2608 kB
PageTables:        10364 kB
NFS_Unstable:          0 kB
Bounce:                0 kB
WritebackTmp:          0 kB
CommitLimit:      508144 kB
Committed_AS:    1400780 kB
VmallocTotal:   34359738367 kB
VmallocUsed:        2368 kB
VmallocChunk:   34359731823 kB
HardwareCorrupted:     0 kB
AnonHugePages:    327680 kB
HugePages_Total:       0
HugePages_Free:        0
HugePages_Rsvd:        0
HugePages_Surp:        0
Hugepagesize:       2048 kB
DirectMap4k:       22528 kB
DirectMap2M:     1157120 kB


CPU:total 1 (1 cores per cpu, 1 threads per core) family 6 model 62 stepping 4, cmov, cx8, fxsr, mmx, sse, sse2, sse3, ssse3, sse4.1, sse4.2, popcnt, avx, aes, clmul, erms, tsc

/proc/cpuinfo:
processor	: 0
vendor_id	: GenuineIntel
cpu family	: 6
model		: 62
model name	: Intel(R) Xeon(R) CPU E5-2670 v2 @ 2.50GHz
stepping	: 4
microcode	: 0x416
cpu MHz		: 2500.048
cache size	: 25600 KB
physical id	: 0
siblings	: 1
core id		: 0
cpu cores	: 1
apicid		: 0
initial apicid	: 0
fpu		: yes
fpu_exception	: yes
cpuid level	: 13
wp		: yes
flags		: fpu vme de pse tsc msr pae mce cx8 apic sep mtrr pge mca cmov pat pse36 clflush mmx fxsr sse sse2 ht syscall nx rdtscp lm constant_tsc rep_good nopl xtopology eagerfpu pni pclmulqdq ssse3 cx16 pcid sse4_1 sse4_2 x2apic popcnt tsc_deadline_timer aes xsave avx f16c rdrand hypervisor lahf_lm xsaveopt fsgsbase smep erms
bogomips	: 5000.09
clflush size	: 64
cache_alignment	: 64
address sizes	: 46 bits physical, 48 bits virtual
power management:



Memory: 4k page, physical 1016292k(57948k free), swap 0k(0k free)

vm_info: Java HotSpot(TM) 64-Bit Server VM (25.45-b02) for linux-amd64 JRE (1.8.0_45-b14), built on Apr 10 2015 10:07:45 by "java_re" with gcc 4.3.0 20080428 (Red Hat 4.3.0-8)

time: Fri Jun 12 03:47:53 2015
elapsed time: 0 seconds (0d 0h 0m 0s)

